<?xml version="1.0" encoding="UTF-8" ?>
<testsuite failures="0" time="0.013" errors="0" skipped="1" tests="1" name="org.openmrs.module.filebrowser.api.FileBrowserServiceServiceTest">
  <properties>
    <property name="java.runtime.name" value="Java(TM) SE Runtime Environment"/>
    <property name="sun.boot.library.path" value="/System/Library/Java/JavaVirtualMachines/1.6.0.jdk/Contents/Libraries"/>
    <property name="java.vm.version" value="20.8-b03-424"/>
    <property name="awt.nativeDoubleBuffering" value="true"/>
    <property name="gopherProxySet" value="false"/>
    <property name="mrj.build" value="11M3720"/>
    <property name="java.vm.vendor" value="Apple Inc."/>
    <property name="java.vendor.url" value="http://www.apple.com/"/>
    <property name="path.separator" value=":"/>
    <property name="java.vm.name" value="Java HotSpot(TM) 64-Bit Server VM"/>
    <property name="file.encoding.pkg" value="sun.io"/>
    <property name="user.country" value="US"/>
    <property name="sun.java.launcher" value="SUN_STANDARD"/>
    <property name="sun.os.patch.level" value="unknown"/>
    <property name="java.vm.specification.name" value="Java Virtual Machine Specification"/>
    <property name="user.dir" value="/Users/tobingreensweig/Documents/workspace/filebrowser/api"/>
    <property name="java.runtime.version" value="1.6.0_33-b03-424-11M3720"/>
    <property name="java.awt.graphicsenv" value="apple.awt.CGraphicsEnvironment"/>
    <property name="basedir" value="/Users/tobingreensweig/Documents/workspace/filebrowser/api"/>
    <property name="java.endorsed.dirs" value="/System/Library/Java/JavaVirtualMachines/1.6.0.jdk/Contents/Home/lib/endorsed"/>
    <property name="os.arch" value="x86_64"/>
    <property name="surefire.real.class.path" value="/Users/tobingreensweig/Documents/workspace/filebrowser/api/target/surefire/surefirebooter4780609803512974304.jar"/>
    <property name="java.io.tmpdir" value="/var/folders/31/86yc_w5s3rv948psw5jzvx680000gn/T/"/>
    <property name="line.separator" value="
"/>
    <property name="java.vm.specification.vendor" value="Sun Microsystems Inc."/>
    <property name="os.name" value="Mac OS X"/>
    <property name="sun.jnu.encoding" value="MacRoman"/>
    <property name="java.library.path" value=".:/Library/Java/Extensions:/System/Library/Java/Extensions:/usr/lib/java"/>
    <property name="surefire.test.class.path" value="/Users/tobingreensweig/Documents/workspace/filebrowser/api/target/test-classes:/Users/tobingreensweig/Documents/workspace/filebrowser/api/target/classes:/Users/tobingreensweig/.m2/repository/org/openmrs/api/openmrs-api/1.6.5/openmrs-api-1.6.5.jar:/Users/tobingreensweig/.m2/repository/antlr/antlr/2.7.6/antlr-2.7.6.jar:/Users/tobingreensweig/.m2/repository/org/databene/databene-benerator/0.5.5/databene-benerator-0.5.5.jar:/Users/tobingreensweig/.m2/repository/org/databene/databene-webdecs/0.4.5/databene-webdecs-0.4.5.jar:/Users/tobingreensweig/.m2/repository/commons-logging/commons-logging/1.0.4/commons-logging-1.0.4.jar:/Users/tobingreensweig/.m2/repository/org/freemarker/freemarker/2.3.9/freemarker-2.3.9.jar:/Users/tobingreensweig/.m2/repository/org/databene/databene-commons/0.4.5/databene-commons-0.4.5.jar:/Users/tobingreensweig/.m2/repository/c3p0/c3p0/0.9.1/c3p0-0.9.1.jar:/Users/tobingreensweig/.m2/repository/commons-collections/commons-collections/3.2/commons-collections-3.2.jar:/Users/tobingreensweig/.m2/repository/commons-lang/commons-lang/2.4/commons-lang-2.4.jar:/Users/tobingreensweig/.m2/repository/org/openmrs/hibernate/hibernate/3.2.5.ga-mod/hibernate-3.2.5.ga-mod.jar:/Users/tobingreensweig/.m2/repository/net/sf/ehcache/ehcache/1.2.3/ehcache-1.2.3.jar:/Users/tobingreensweig/.m2/repository/javax/transaction/jta/1.0.1B/jta-1.0.1B.jar:/Users/tobingreensweig/.m2/repository/dom4j/dom4j/1.6.1/dom4j-1.6.1.jar:/Users/tobingreensweig/.m2/repository/cglib/cglib/2.1_3/cglib-2.1_3.jar:/Users/tobingreensweig/.m2/repository/asm/asm/1.5.3/asm-1.5.3.jar:/Users/tobingreensweig/.m2/repository/ca/uhn/hapi/hapi/0.5/hapi-0.5.jar:/Users/tobingreensweig/.m2/repository/xerces/xercesImpl/2.4.0/xercesImpl-2.4.0.jar:/Users/tobingreensweig/.m2/repository/log4j/log4j/1.2.15/log4j-1.2.15.jar:/Users/tobingreensweig/.m2/repository/org/openmrs/liquibase/liquibase-core/1.9.4-mod/liquibase-core-1.9.4-mod.jar:/Users/tobingreensweig/.m2/repository/javax/mail/mail/1.3.2/mail-1.3.2.jar:/Users/tobingreensweig/.m2/repository/org/openmrs/simpleframework/simple-xml/1.6.1-mod/simple-xml-1.6.1-mod.jar:/Users/tobingreensweig/.m2/repository/stax/stax-api/1.0.1/stax-api-1.0.1.jar:/Users/tobingreensweig/.m2/repository/stax/stax/1.2.0/stax-1.2.0.jar:/Users/tobingreensweig/.m2/repository/org/slf4j/jcl-over-slf4j/1.5.6/jcl-over-slf4j-1.5.6.jar:/Users/tobingreensweig/.m2/repository/org/slf4j/slf4j-api/1.5.6/slf4j-api-1.5.6.jar:/Users/tobingreensweig/.m2/repository/org/slf4j/slf4j-log4j12/1.5.6/slf4j-log4j12-1.5.6.jar:/Users/tobingreensweig/.m2/repository/org/springframework/spring/2.5.6/spring-2.5.6.jar:/Users/tobingreensweig/.m2/repository/org/apache/velocity/velocity/1.6-beta1/velocity-1.6-beta1.jar:/Users/tobingreensweig/.m2/repository/xml-apis/xml-apis/1.3.03/xml-apis-1.3.03.jar:/Users/tobingreensweig/.m2/repository/com/thoughtworks/xstream/xstream/1.3.1/xstream-1.3.1.jar:/Users/tobingreensweig/.m2/repository/org/openmrs/web/openmrs-web/1.6.5/openmrs-web-1.6.5.jar:/Users/tobingreensweig/.m2/repository/commons-beanutils/commons-beanutils/1.7.0/commons-beanutils-1.7.0.jar:/Users/tobingreensweig/.m2/repository/commons-fileupload/commons-fileupload/1.1.1/commons-fileupload-1.1.1.jar:/Users/tobingreensweig/.m2/repository/commons-io/commons-io/1.4/commons-io-1.4.jar:/Users/tobingreensweig/.m2/repository/org/openmrs/directwebremoting/dwr/2.0.5-mod/dwr-2.0.5-mod.jar:/Users/tobingreensweig/.m2/repository/taglibs/standard/1.1.0/standard-1.1.0.jar:/Users/tobingreensweig/.m2/repository/jfree/jfreechart/1.0.12/jfreechart-1.0.12.jar:/Users/tobingreensweig/.m2/repository/jfree/jcommon/1.0.15/jcommon-1.0.15.jar:/Users/tobingreensweig/.m2/repository/javax/servlet/jstl/1.1.0/jstl-1.1.0.jar:/Users/tobingreensweig/.m2/repository/junit/junit/4.4/junit-4.4.jar:/Users/tobingreensweig/.m2/repository/org/springframework/spring-webmvc/2.5.6/spring-webmvc-2.5.6.jar:/Users/tobingreensweig/.m2/repository/javax/servlet/servlet-api/2.4/servlet-api-2.4.jar:/Users/tobingreensweig/.m2/repository/javax/servlet/jsp-api/2.0/jsp-api-2.0.jar:/Users/tobingreensweig/.m2/repository/org/openmrs/test/openmrs-test/1.6.5/openmrs-test-1.6.5.jar:/Users/tobingreensweig/.m2/repository/org/dbunit/dbunit/2.4.4/dbunit-2.4.4.jar:/Users/tobingreensweig/.m2/repository/xmlunit/xmlunit/1.2/xmlunit-1.2.jar:/Users/tobingreensweig/.m2/repository/hsqldb/hsqldb/1.8.0.10/hsqldb-1.8.0.10.jar:/Users/tobingreensweig/.m2/repository/org/springframework/spring-test/2.5.6/spring-test-2.5.6.jar:"/>
    <property name="java.specification.name" value="Java Platform API Specification"/>
    <property name="java.class.version" value="50.0"/>
    <property name="sun.management.compiler" value="HotSpot 64-Bit Tiered Compilers"/>
    <property name="os.version" value="10.7.4"/>
    <property name="http.nonProxyHosts" value="local|*.local|169.254/16|*.169.254/16"/>
    <property name="user.home" value="/Users/tobingreensweig"/>
    <property name="user.timezone" value=""/>
    <property name="java.awt.printerjob" value="apple.awt.CPrinterJob"/>
    <property name="java.specification.version" value="1.6"/>
    <property name="file.encoding" value="MacRoman"/>
    <property name="user.name" value="tobingreensweig"/>
    <property name="java.class.path" value="/Users/tobingreensweig/Documents/workspace/filebrowser/api/target/test-classes:/Users/tobingreensweig/Documents/workspace/filebrowser/api/target/classes:/Users/tobingreensweig/.m2/repository/org/openmrs/api/openmrs-api/1.6.5/openmrs-api-1.6.5.jar:/Users/tobingreensweig/.m2/repository/antlr/antlr/2.7.6/antlr-2.7.6.jar:/Users/tobingreensweig/.m2/repository/org/databene/databene-benerator/0.5.5/databene-benerator-0.5.5.jar:/Users/tobingreensweig/.m2/repository/org/databene/databene-webdecs/0.4.5/databene-webdecs-0.4.5.jar:/Users/tobingreensweig/.m2/repository/commons-logging/commons-logging/1.0.4/commons-logging-1.0.4.jar:/Users/tobingreensweig/.m2/repository/org/freemarker/freemarker/2.3.9/freemarker-2.3.9.jar:/Users/tobingreensweig/.m2/repository/org/databene/databene-commons/0.4.5/databene-commons-0.4.5.jar:/Users/tobingreensweig/.m2/repository/c3p0/c3p0/0.9.1/c3p0-0.9.1.jar:/Users/tobingreensweig/.m2/repository/commons-collections/commons-collections/3.2/commons-collections-3.2.jar:/Users/tobingreensweig/.m2/repository/commons-lang/commons-lang/2.4/commons-lang-2.4.jar:/Users/tobingreensweig/.m2/repository/org/openmrs/hibernate/hibernate/3.2.5.ga-mod/hibernate-3.2.5.ga-mod.jar:/Users/tobingreensweig/.m2/repository/net/sf/ehcache/ehcache/1.2.3/ehcache-1.2.3.jar:/Users/tobingreensweig/.m2/repository/javax/transaction/jta/1.0.1B/jta-1.0.1B.jar:/Users/tobingreensweig/.m2/repository/dom4j/dom4j/1.6.1/dom4j-1.6.1.jar:/Users/tobingreensweig/.m2/repository/cglib/cglib/2.1_3/cglib-2.1_3.jar:/Users/tobingreensweig/.m2/repository/asm/asm/1.5.3/asm-1.5.3.jar:/Users/tobingreensweig/.m2/repository/ca/uhn/hapi/hapi/0.5/hapi-0.5.jar:/Users/tobingreensweig/.m2/repository/xerces/xercesImpl/2.4.0/xercesImpl-2.4.0.jar:/Users/tobingreensweig/.m2/repository/log4j/log4j/1.2.15/log4j-1.2.15.jar:/Users/tobingreensweig/.m2/repository/org/openmrs/liquibase/liquibase-core/1.9.4-mod/liquibase-core-1.9.4-mod.jar:/Users/tobingreensweig/.m2/repository/javax/mail/mail/1.3.2/mail-1.3.2.jar:/Users/tobingreensweig/.m2/repository/org/openmrs/simpleframework/simple-xml/1.6.1-mod/simple-xml-1.6.1-mod.jar:/Users/tobingreensweig/.m2/repository/stax/stax-api/1.0.1/stax-api-1.0.1.jar:/Users/tobingreensweig/.m2/repository/stax/stax/1.2.0/stax-1.2.0.jar:/Users/tobingreensweig/.m2/repository/org/slf4j/jcl-over-slf4j/1.5.6/jcl-over-slf4j-1.5.6.jar:/Users/tobingreensweig/.m2/repository/org/slf4j/slf4j-api/1.5.6/slf4j-api-1.5.6.jar:/Users/tobingreensweig/.m2/repository/org/slf4j/slf4j-log4j12/1.5.6/slf4j-log4j12-1.5.6.jar:/Users/tobingreensweig/.m2/repository/org/springframework/spring/2.5.6/spring-2.5.6.jar:/Users/tobingreensweig/.m2/repository/org/apache/velocity/velocity/1.6-beta1/velocity-1.6-beta1.jar:/Users/tobingreensweig/.m2/repository/xml-apis/xml-apis/1.3.03/xml-apis-1.3.03.jar:/Users/tobingreensweig/.m2/repository/com/thoughtworks/xstream/xstream/1.3.1/xstream-1.3.1.jar:/Users/tobingreensweig/.m2/repository/org/openmrs/web/openmrs-web/1.6.5/openmrs-web-1.6.5.jar:/Users/tobingreensweig/.m2/repository/commons-beanutils/commons-beanutils/1.7.0/commons-beanutils-1.7.0.jar:/Users/tobingreensweig/.m2/repository/commons-fileupload/commons-fileupload/1.1.1/commons-fileupload-1.1.1.jar:/Users/tobingreensweig/.m2/repository/commons-io/commons-io/1.4/commons-io-1.4.jar:/Users/tobingreensweig/.m2/repository/org/openmrs/directwebremoting/dwr/2.0.5-mod/dwr-2.0.5-mod.jar:/Users/tobingreensweig/.m2/repository/taglibs/standard/1.1.0/standard-1.1.0.jar:/Users/tobingreensweig/.m2/repository/jfree/jfreechart/1.0.12/jfreechart-1.0.12.jar:/Users/tobingreensweig/.m2/repository/jfree/jcommon/1.0.15/jcommon-1.0.15.jar:/Users/tobingreensweig/.m2/repository/javax/servlet/jstl/1.1.0/jstl-1.1.0.jar:/Users/tobingreensweig/.m2/repository/junit/junit/4.4/junit-4.4.jar:/Users/tobingreensweig/.m2/repository/org/springframework/spring-webmvc/2.5.6/spring-webmvc-2.5.6.jar:/Users/tobingreensweig/.m2/repository/javax/servlet/servlet-api/2.4/servlet-api-2.4.jar:/Users/tobingreensweig/.m2/repository/javax/servlet/jsp-api/2.0/jsp-api-2.0.jar:/Users/tobingreensweig/.m2/repository/org/openmrs/test/openmrs-test/1.6.5/openmrs-test-1.6.5.jar:/Users/tobingreensweig/.m2/repository/org/dbunit/dbunit/2.4.4/dbunit-2.4.4.jar:/Users/tobingreensweig/.m2/repository/xmlunit/xmlunit/1.2/xmlunit-1.2.jar:/Users/tobingreensweig/.m2/repository/hsqldb/hsqldb/1.8.0.10/hsqldb-1.8.0.10.jar:/Users/tobingreensweig/.m2/repository/org/springframework/spring-test/2.5.6/spring-test-2.5.6.jar:"/>
    <property name="java.vm.specification.version" value="1.0"/>
    <property name="sun.arch.data.model" value="64"/>
    <property name="java.home" value="/System/Library/Java/JavaVirtualMachines/1.6.0.jdk/Contents/Home"/>
    <property name="sun.java.command" value="/Users/tobingreensweig/Documents/workspace/filebrowser/api/target/surefire/surefirebooter4780609803512974304.jar /Users/tobingreensweig/Documents/workspace/filebrowser/api/target/surefire/surefire8406878772299747499tmp /Users/tobingreensweig/Documents/workspace/filebrowser/api/target/surefire/surefire8176285328108842940tmp"/>
    <property name="java.specification.vendor" value="Sun Microsystems Inc."/>
    <property name="user.language" value="en"/>
    <property name="awt.toolkit" value="apple.awt.CToolkit"/>
    <property name="java.vm.info" value="mixed mode"/>
    <property name="java.version" value="1.6.0_33"/>
    <property name="java.ext.dirs" value="/Library/Java/Extensions:/System/Library/Java/Extensions:/System/Library/Java/JavaVirtualMachines/1.6.0.jdk/Contents/Home/lib/ext"/>
    <property name="sun.boot.class.path" value="/System/Library/Java/JavaVirtualMachines/1.6.0.jdk/Contents/Classes/jsfd.jar:/System/Library/Java/JavaVirtualMachines/1.6.0.jdk/Contents/Classes/classes.jar:/System/Library/Frameworks/JavaVM.framework/Frameworks/JavaRuntimeSupport.framework/Resources/Java/JavaRuntimeSupport.jar:/System/Library/Java/JavaVirtualMachines/1.6.0.jdk/Contents/Classes/ui.jar:/System/Library/Java/JavaVirtualMachines/1.6.0.jdk/Contents/Classes/laf.jar:/System/Library/Java/JavaVirtualMachines/1.6.0.jdk/Contents/Classes/sunrsasign.jar:/System/Library/Java/JavaVirtualMachines/1.6.0.jdk/Contents/Classes/jsse.jar:/System/Library/Java/JavaVirtualMachines/1.6.0.jdk/Contents/Classes/jce.jar:/System/Library/Java/JavaVirtualMachines/1.6.0.jdk/Contents/Classes/charsets.jar"/>
    <property name="java.vendor" value="Apple Inc."/>
    <property name="localRepository" value="/Users/tobingreensweig/.m2/repository"/>
    <property name="file.separator" value="/"/>
    <property name="java.vendor.url.bug" value="http://bugreport.apple.com/"/>
    <property name="sun.cpu.endian" value="little"/>
    <property name="sun.io.unicode.encoding" value="UnicodeLittle"/>
    <property name="mrj.version" value="1070.1.6.0_33-424"/>
    <property name="socksNonProxyHosts" value="local|*.local|169.254/16|*.169.254/16"/>
    <property name="ftp.nonProxyHosts" value="local|*.local|169.254/16|*.169.254/16"/>
    <property name="sun.cpu.isalist" value=""/>
  </properties>
  <testcase time="0" classname="org.openmrs.module.filebrowser.api.FileBrowserServiceServiceTest" name="org.openmrs.module.filebrowser.api.FileBrowserServiceServiceTest">
    <skipped/>
  </testcase>
</testsuite>